<?xml version="1.0" encoding="UTF-8"?>
<!-- Generated by org.testng.reporters.JUnitXMLReporter -->
<testsuite hostname="Latitude3400" ignored="1" name="Default test" tests="1" failures="0" timestamp="08 Oct 2021 09:57:51 GMT" time="1.918" errors="0">
  <testcase name="gettingAllRepository" time="1.474" classname="day2.API3GitHub"/>
  <testcase name="createRepository" time="0.0" classname="day2.API3GitHub">
    <ignored/>
  </testcase> <!-- createRepository -->
</testsuite> <!-- Default test -->
